This is pdfTeX, Version 3.14159265-2.6-1.40.16 (TeX Live 2015) (preloaded format=pdflatex 2015.10.10)  30 SEP 2021 14:31
entering extended mode
 restricted \write18 enabled.
 %&-line parsing enabled.
**Inhalt.tex
(./Inhalt.tex
LaTeX2e <2015/01/01>
Babel <3.9l> and hyphenation patterns for 79 languages loaded.
(/usr/local/texlive/2015/texmf-dist/tex/latex/koma-script/scrartcl.cls
Document Class: scrartcl 2015/05/06 v3.17a KOMA-Script document class (article)

(/usr/local/texlive/2015/texmf-dist/tex/latex/koma-script/scrkbase.sty
Package: scrkbase 2015/05/06 v3.17a KOMA-Script package (KOMA-Script-dependent 
basics and keyval usage)

(/usr/local/texlive/2015/texmf-dist/tex/latex/koma-script/scrbase.sty
Package: scrbase 2015/05/06 v3.17a KOMA-Script package (KOMA-Script-independent
 basics and keyval usage)

(/usr/local/texlive/2015/texmf-dist/tex/latex/graphics/keyval.sty
Package: keyval 2014/10/28 v1.15 key=value parser (DPC)
\KV@toks@=\toks14
)
(/usr/local/texlive/2015/texmf-dist/tex/latex/koma-script/scrlfile.sty
Package: scrlfile 2015/05/06 v3.17a KOMA-Script package (loading files)

Package scrlfile, 2015/05/06 v3.17a KOMA-Script package (loading files)
                  Copyright (C) Markus Kohm

))) (/usr/local/texlive/2015/texmf-dist/tex/latex/koma-script/tocbasic.sty
Package: tocbasic 2015/05/06 v3.17a KOMA-Script package (handling toc-files)
)
Package tocbasic Info: omitting babel extension for `toc'
(tocbasic)             because of feature `nobabel' available
(tocbasic)             for `toc' on input line 122.
Package tocbasic Info: omitting babel extension for `lof'
(tocbasic)             because of feature `nobabel' available
(tocbasic)             for `lof' on input line 123.
Package tocbasic Info: omitting babel extension for `lot'
(tocbasic)             because of feature `nobabel' available
(tocbasic)             for `lot' on input line 124.
Package scrartcl Info: You've used standard option `11pt'.
(scrartcl)             This is correct!
(scrartcl)             Internally I'm using `fontsize=11pt'.
(scrartcl)             If you'd like to set the option with \KOMAoptions,
(scrartcl)             you'd have to use `fontsize=11pt' there
(scrartcl)             instead of `11pt', too.
Class scrartcl Info: File `scrsize11pt.clo' used to setup font sizes on input l
ine 1942.

(/usr/local/texlive/2015/texmf-dist/tex/latex/koma-script/scrsize11pt.clo
File: scrsize11pt.clo 2015/05/06 v3.17a KOMA-Script font size class option (11p
t)
)
(/usr/local/texlive/2015/texmf-dist/tex/latex/koma-script/typearea.sty
Package: typearea 2015/05/06 v3.17a KOMA-Script package (type area)

Package typearea, 2015/05/06 v3.17a KOMA-Script package (type area)
                  Copyright (C) Frank Neukam, 1992-1994
                  Copyright (C) Markus Kohm, 1994-

\ta@bcor=\skip41
\ta@div=\count79
\ta@hblk=\skip42
\ta@vblk=\skip43
\ta@temp=\skip44
\footheight=\skip45
Package typearea Info: These are the values describing the layout:
(typearea)             DIV  = 10
(typearea)             BCOR = 0.0pt
(typearea)             \paperwidth      = 597.50793pt
(typearea)              \textwidth      = 418.25555pt
(typearea)              DIV departure   = -6%
(typearea)              \evensidemargin = 17.3562pt
(typearea)              \oddsidemargin  = 17.3562pt
(typearea)             \paperheight     = 845.04694pt
(typearea)              \textheight     = 595.80026pt
(typearea)              \topmargin      = -25.16531pt
(typearea)              \headheight     = 17.0pt
(typearea)              \headsep        = 20.40001pt
(typearea)              \topskip        = 11.0pt
(typearea)              \footskip       = 47.6pt
(typearea)              \baselineskip   = 13.6pt
(typearea)              on input line 1485.
)
\c@part=\count80
\c@section=\count81
\c@subsection=\count82
\c@subsubsection=\count83
\c@paragraph=\count84
\c@subparagraph=\count85
LaTeX Info: Redefining \textsubscript on input line 3718.
\abovecaptionskip=\skip46
\belowcaptionskip=\skip47
\c@pti@nb@sid@b@x=\box26
\c@figure=\count86
\c@table=\count87
\bibindent=\dimen102
) (/usr/local/texlive/2015/texmf-dist/tex/latex/ucs/ucs.sty
Package: ucs 2013/05/11 v2.2 UCS: Unicode input support

(/usr/local/texlive/2015/texmf-dist/tex/latex/ucs/data/uni-global.def
File: uni-global.def 2013/05/13 UCS: Unicode global data
)
\uc@secondtry=\count88
\uc@combtoks=\toks15
\uc@combtoksb=\toks16
\uc@temptokena=\toks17
)
(/usr/local/texlive/2015/texmf-dist/tex/latex/base/inputenc.sty
Package: inputenc 2015/03/17 v1.2c Input encoding file
\inpenc@prehook=\toks18
\inpenc@posthook=\toks19

(/usr/local/texlive/2015/texmf-dist/tex/latex/ucs/utf8x.def
File: utf8x.def 2004/10/17 UCS: Input encoding UTF-8
))
(/usr/local/texlive/2015/texmf-dist/tex/latex/base/fontenc.sty
Package: fontenc 2005/09/27 v1.99g Standard LaTeX package

(/usr/local/texlive/2015/texmf-dist/tex/latex/base/t1enc.def
File: t1enc.def 2005/09/27 v1.99g Standard LaTeX file
LaTeX Font Info:    Redeclaring font encoding T1 on input line 48.
))
(/usr/local/texlive/2015/texmf-dist/tex/generic/babel/babel.sty
Package: babel 2014/09/25 3.9l The Babel package

(/usr/local/texlive/2015/texmf-dist/tex/generic/babel-german/ngerman.ldf
Language: ngerman 2013/12/13 v2.7 German support for babel (new orthography)

(/usr/local/texlive/2015/texmf-dist/tex/generic/babel-german/ngermanb.ldf
Language: ngermanb 2013/12/13 v2.7 German support for babel (new orthography)

(/usr/local/texlive/2015/texmf-dist/tex/generic/babel/babel.def
File: babel.def 2014/09/25 3.9l Babel common definitions
\babel@savecnt=\count89
\U@D=\dimen103
)
\l@naustrian = a dialect from \language\l@ngerman 
\l@nswissgerman = a dialect from \language\l@ngerman 
Package babel Info: Making " an active character on input line 88.
))
(/usr/local/texlive/2015/texmf-dist/tex/generic/babel-english/english.ldf
Language: english 2012/08/20 v3.3p English support from the babel system
\l@canadian = a dialect from \language\l@american 
\l@australian = a dialect from \language\l@british 
\l@newzealand = a dialect from \language\l@british 
))
(/usr/local/texlive/2015/texmf-dist/tex/latex/amsmath/amsmath.sty
Package: amsmath 2013/01/14 v2.14 AMS math features
\@mathmargin=\skip48

For additional information on amsmath, use the `?' option.
(/usr/local/texlive/2015/texmf-dist/tex/latex/amsmath/amstext.sty
Package: amstext 2000/06/29 v2.01

(/usr/local/texlive/2015/texmf-dist/tex/latex/amsmath/amsgen.sty
File: amsgen.sty 1999/11/30 v2.0
\@emptytoks=\toks20
\ex@=\dimen104
))
(/usr/local/texlive/2015/texmf-dist/tex/latex/amsmath/amsbsy.sty
Package: amsbsy 1999/11/29 v1.2d
\pmbraise@=\dimen105
)
(/usr/local/texlive/2015/texmf-dist/tex/latex/amsmath/amsopn.sty
Package: amsopn 1999/12/14 v2.01 operator names
)
\inf@bad=\count90
LaTeX Info: Redefining \frac on input line 210.
\uproot@=\count91
\leftroot@=\count92
LaTeX Info: Redefining \overline on input line 306.
\classnum@=\count93
\DOTSCASE@=\count94
LaTeX Info: Redefining \ldots on input line 378.
LaTeX Info: Redefining \dots on input line 381.
LaTeX Info: Redefining \cdots on input line 466.
\Mathstrutbox@=\box27
\strutbox@=\box28
\big@size=\dimen106
LaTeX Font Info:    Redeclaring font encoding OML on input line 566.
LaTeX Font Info:    Redeclaring font encoding OMS on input line 567.
\macc@depth=\count95
\c@MaxMatrixCols=\count96
\dotsspace@=\muskip10
\c@parentequation=\count97
\dspbrk@lvl=\count98
\tag@help=\toks21
\row@=\count99
\column@=\count100
\maxfields@=\count101
\andhelp@=\toks22
\eqnshift@=\dimen107
\alignsep@=\dimen108
\tagshift@=\dimen109
\tagwidth@=\dimen110
\totwidth@=\dimen111
\lineht@=\dimen112
\@envbody=\toks23
\multlinegap=\skip49
\multlinetaggap=\skip50
\mathdisplay@stack=\toks24
LaTeX Info: Redefining \[ on input line 2665.
LaTeX Info: Redefining \] on input line 2666.
)
(/usr/local/texlive/2015/texmf-dist/tex/latex/amsfonts/amssymb.sty
Package: amssymb 2013/01/14 v3.01 AMS font symbols

(/usr/local/texlive/2015/texmf-dist/tex/latex/amsfonts/amsfonts.sty
Package: amsfonts 2013/01/14 v3.01 Basic AMSFonts support
\symAMSa=\mathgroup4
\symAMSb=\mathgroup5
LaTeX Font Info:    Overwriting math alphabet `\mathfrak' in version `bold'
(Font)                  U/euf/m/n --> U/euf/b/n on input line 106.
))
(/usr/local/texlive/2015/texmf-dist/tex/latex/graphics/graphicx.sty
Package: graphicx 2014/10/28 v1.0g Enhanced LaTeX Graphics (DPC,SPQR)

(/usr/local/texlive/2015/texmf-dist/tex/latex/graphics/graphics.sty
Package: graphics 2014/10/28 v1.0p Standard LaTeX Graphics (DPC,SPQR)

(/usr/local/texlive/2015/texmf-dist/tex/latex/graphics/trig.sty
Package: trig 1999/03/16 v1.09 sin cos tan (DPC)
)
(/usr/local/texlive/2015/texmf-dist/tex/latex/latexconfig/graphics.cfg
File: graphics.cfg 2010/04/23 v1.9 graphics configuration of TeX Live
)
Package graphics Info: Driver file: pdftex.def on input line 94.

(/usr/local/texlive/2015/texmf-dist/tex/latex/pdftex-def/pdftex.def
File: pdftex.def 2011/05/27 v0.06d Graphics/color for pdfTeX

(/usr/local/texlive/2015/texmf-dist/tex/generic/oberdiek/infwarerr.sty
Package: infwarerr 2010/04/08 v1.3 Providing info/warning/error messages (HO)
)
(/usr/local/texlive/2015/texmf-dist/tex/generic/oberdiek/ltxcmds.sty
Package: ltxcmds 2011/11/09 v1.22 LaTeX kernel commands for general use (HO)
)
\Gread@gobject=\count102
))
\Gin@req@height=\dimen113
\Gin@req@width=\dimen114
)
(/usr/local/texlive/2015/texmf-dist/tex/latex/caption/caption.sty
Package: caption 2013/05/02 v3.3-89 Customizing captions (AR)

(/usr/local/texlive/2015/texmf-dist/tex/latex/caption/caption3.sty
Package: caption3 2013/05/02 v1.6-88 caption3 kernel (AR)
Package caption3 Info: TeX engine: e-TeX on input line 57.
\captionmargin=\dimen115
\captionmargin@=\dimen116
\captionwidth=\dimen117
\caption@tempdima=\dimen118
\caption@indent=\dimen119
\caption@parindent=\dimen120
\caption@hangindent=\dimen121
)
Package caption Info: KOMA-Script document class.
\c@ContinuedFloat=\count103
)
(/usr/local/texlive/2015/texmf-dist/tex/latex/caption/subcaption.sty
Package: subcaption 2013/02/03 v1.1-62 Sub-captions (AR)
\c@subfigure=\count104
\c@subtable=\count105
)
(/usr/local/texlive/2015/texmf-dist/tex/latex/float/float.sty
Package: float 2001/11/08 v1.3d Float enhancements (AL)
\c@float@type=\count106
\float@exts=\toks25
\float@box=\box29
\@float@everytoks=\toks26
\@floatcapt=\box30
)
(/usr/local/texlive/2015/texmf-dist/tex/latex/tools/longtable.sty
Package: longtable 2014/10/28 v4.11 Multi-page Table package (DPC)
\LTleft=\skip51
\LTright=\skip52
\LTpre=\skip53
\LTpost=\skip54
\LTchunksize=\count107
\LTcapwidth=\dimen122
\LT@head=\box31
\LT@firsthead=\box32
\LT@foot=\box33
\LT@lastfoot=\box34
\LT@cols=\count108
\LT@rows=\count109
\c@LT@tables=\count110
\c@LT@chunks=\count111
\LT@p@ftn=\toks27
)
Class scrartcl Info: longtable captions redefined on input line 14.

(/usr/local/texlive/2015/texmf-dist/tex/latex/base/fixltx2e.sty
Package: fixltx2e 2015/02/21 v2.0a fixes to LaTeX (obsolete)


Package fixltx2e Warning: fixltx2e is not required with releases after 2015
(fixltx2e)                All fixes are now in the LaTeX kernel.
(fixltx2e)                See the latexrelease package for details.

) (/usr/local/texlive/2015/texmf-dist/tex/latex/base/textcomp.sty
Package: textcomp 2005/09/27 v1.99g Standard LaTeX package
Package textcomp Info: Sub-encoding information:
(textcomp)               5 = only ISO-Adobe without \textcurrency
(textcomp)               4 = 5 + \texteuro
(textcomp)               3 = 4 + \textohm
(textcomp)               2 = 3 + \textestimated + \textcurrency
(textcomp)               1 = TS1 - \textcircled - \t
(textcomp)               0 = TS1 (full)
(textcomp)             Font families with sub-encoding setting implement
(textcomp)             only a restricted character set as indicated.
(textcomp)             Family '?' is the default used for unknown fonts.
(textcomp)             See the documentation for details.
Package textcomp Info: Setting ? sub-encoding to TS1/1 on input line 79.

(/usr/local/texlive/2015/texmf-dist/tex/latex/base/ts1enc.def
File: ts1enc.def 2001/06/05 v3.0e (jk/car/fm) Standard LaTeX file
)
LaTeX Info: Redefining \oldstylenums on input line 334.
Package textcomp Info: Setting cmr sub-encoding to TS1/0 on input line 349.
Package textcomp Info: Setting cmss sub-encoding to TS1/0 on input line 350.
Package textcomp Info: Setting cmtt sub-encoding to TS1/0 on input line 351.
Package textcomp Info: Setting cmvtt sub-encoding to TS1/0 on input line 352.
Package textcomp Info: Setting cmbr sub-encoding to TS1/0 on input line 353.
Package textcomp Info: Setting cmtl sub-encoding to TS1/0 on input line 354.
Package textcomp Info: Setting ccr sub-encoding to TS1/0 on input line 355.
Package textcomp Info: Setting ptm sub-encoding to TS1/4 on input line 356.
Package textcomp Info: Setting pcr sub-encoding to TS1/4 on input line 357.
Package textcomp Info: Setting phv sub-encoding to TS1/4 on input line 358.
Package textcomp Info: Setting ppl sub-encoding to TS1/3 on input line 359.
Package textcomp Info: Setting pag sub-encoding to TS1/4 on input line 360.
Package textcomp Info: Setting pbk sub-encoding to TS1/4 on input line 361.
Package textcomp Info: Setting pnc sub-encoding to TS1/4 on input line 362.
Package textcomp Info: Setting pzc sub-encoding to TS1/4 on input line 363.
Package textcomp Info: Setting bch sub-encoding to TS1/4 on input line 364.
Package textcomp Info: Setting put sub-encoding to TS1/5 on input line 365.
Package textcomp Info: Setting uag sub-encoding to TS1/5 on input line 366.
Package textcomp Info: Setting ugq sub-encoding to TS1/5 on input line 367.
Package textcomp Info: Setting ul8 sub-encoding to TS1/4 on input line 368.
Package textcomp Info: Setting ul9 sub-encoding to TS1/4 on input line 369.
Package textcomp Info: Setting augie sub-encoding to TS1/5 on input line 370.
Package textcomp Info: Setting dayrom sub-encoding to TS1/3 on input line 371.
Package textcomp Info: Setting dayroms sub-encoding to TS1/3 on input line 372.

Package textcomp Info: Setting pxr sub-encoding to TS1/0 on input line 373.
Package textcomp Info: Setting pxss sub-encoding to TS1/0 on input line 374.
Package textcomp Info: Setting pxtt sub-encoding to TS1/0 on input line 375.
Package textcomp Info: Setting txr sub-encoding to TS1/0 on input line 376.
Package textcomp Info: Setting txss sub-encoding to TS1/0 on input line 377.
Package textcomp Info: Setting txtt sub-encoding to TS1/0 on input line 378.
Package textcomp Info: Setting lmr sub-encoding to TS1/0 on input line 379.
Package textcomp Info: Setting lmdh sub-encoding to TS1/0 on input line 380.
Package textcomp Info: Setting lmss sub-encoding to TS1/0 on input line 381.
Package textcomp Info: Setting lmssq sub-encoding to TS1/0 on input line 382.
Package textcomp Info: Setting lmvtt sub-encoding to TS1/0 on input line 383.
Package textcomp Info: Setting lmtt sub-encoding to TS1/0 on input line 384.
Package textcomp Info: Setting qhv sub-encoding to TS1/0 on input line 385.
Package textcomp Info: Setting qag sub-encoding to TS1/0 on input line 386.
Package textcomp Info: Setting qbk sub-encoding to TS1/0 on input line 387.
Package textcomp Info: Setting qcr sub-encoding to TS1/0 on input line 388.
Package textcomp Info: Setting qcs sub-encoding to TS1/0 on input line 389.
Package textcomp Info: Setting qpl sub-encoding to TS1/0 on input line 390.
Package textcomp Info: Setting qtm sub-encoding to TS1/0 on input line 391.
Package textcomp Info: Setting qzc sub-encoding to TS1/0 on input line 392.
Package textcomp Info: Setting qhvc sub-encoding to TS1/0 on input line 393.
Package textcomp Info: Setting futs sub-encoding to TS1/4 on input line 394.
Package textcomp Info: Setting futx sub-encoding to TS1/4 on input line 395.
Package textcomp Info: Setting futj sub-encoding to TS1/4 on input line 396.
Package textcomp Info: Setting hlh sub-encoding to TS1/3 on input line 397.
Package textcomp Info: Setting hls sub-encoding to TS1/3 on input line 398.
Package textcomp Info: Setting hlst sub-encoding to TS1/3 on input line 399.
Package textcomp Info: Setting hlct sub-encoding to TS1/5 on input line 400.
Package textcomp Info: Setting hlx sub-encoding to TS1/5 on input line 401.
Package textcomp Info: Setting hlce sub-encoding to TS1/5 on input line 402.
Package textcomp Info: Setting hlcn sub-encoding to TS1/5 on input line 403.
Package textcomp Info: Setting hlcw sub-encoding to TS1/5 on input line 404.
Package textcomp Info: Setting hlcf sub-encoding to TS1/5 on input line 405.
Package textcomp Info: Setting pplx sub-encoding to TS1/3 on input line 406.
Package textcomp Info: Setting pplj sub-encoding to TS1/3 on input line 407.
Package textcomp Info: Setting ptmx sub-encoding to TS1/4 on input line 408.
Package textcomp Info: Setting ptmj sub-encoding to TS1/4 on input line 409.
)
(/usr/local/texlive/2015/texmf-dist/tex/latex/etoolbox/etoolbox.sty
Package: etoolbox 2015/05/04 v2.2 e-TeX tools for LaTeX (JAW)
\etb@tempcnta=\count112
)
(/usr/local/texlive/2015/texmf-dist/tex/latex/oberdiek/refcount.sty
Package: refcount 2011/10/16 v3.4 Data extraction from label references (HO)
)
(/usr/local/texlive/2015/texmf-dist/tex/latex/tools/multicol.sty
Package: multicol 2015/03/31 v1.8m multicolumn formatting (FMi)
\c@tracingmulticols=\count113
\mult@box=\box35
\multicol@leftmargin=\dimen123
\c@unbalance=\count114
\c@collectmore=\count115
\doublecol@number=\count116
\multicoltolerance=\count117
\multicolpretolerance=\count118
\full@width=\dimen124
\page@free=\dimen125
\premulticols=\dimen126
\postmulticols=\dimen127
\multicolsep=\skip55
\multicolbaselineskip=\skip56
\partial@page=\box36
\last@line=\box37
\maxbalancingoverflow=\dimen128
\mult@rightbox=\box38
\mult@grightbox=\box39
\mult@gfirstbox=\box40
\mult@firstbox=\box41
\@tempa=\box42
\@tempa=\box43
\@tempa=\box44
\@tempa=\box45
\@tempa=\box46
\@tempa=\box47
\@tempa=\box48
\@tempa=\box49
\@tempa=\box50
\@tempa=\box51
\@tempa=\box52
\@tempa=\box53
\@tempa=\box54
\@tempa=\box55
\@tempa=\box56
\@tempa=\box57
\@tempa=\box58
\c@columnbadness=\count119
\c@finalcolumnbadness=\count120
\last@try=\dimen129
\multicolovershoot=\dimen130
\multicolundershoot=\dimen131
\mult@nat@firstbox=\box59
\colbreak@box=\box60
\mc@col@check@num=\count121
)
\c@countitems=\count122
\c@nextitemizecount=\count123

(/usr/local/texlive/2015/texmf-dist/tex/latex/hyperref/hyperref.sty
Package: hyperref 2012/11/06 v6.83m Hypertext links for LaTeX

(/usr/local/texlive/2015/texmf-dist/tex/generic/oberdiek/hobsub-hyperref.sty
Package: hobsub-hyperref 2012/05/28 v1.13 Bundle oberdiek, subset hyperref (HO)


(/usr/local/texlive/2015/texmf-dist/tex/generic/oberdiek/hobsub-generic.sty
Package: hobsub-generic 2012/05/28 v1.13 Bundle oberdiek, subset generic (HO)
Package: hobsub 2012/05/28 v1.13 Construct package bundles (HO)
Package hobsub Info: Skipping package `infwarerr' (already loaded).
Package hobsub Info: Skipping package `ltxcmds' (already loaded).
Package: ifluatex 2010/03/01 v1.3 Provides the ifluatex switch (HO)
Package ifluatex Info: LuaTeX not detected.
Package: ifvtex 2010/03/01 v1.5 Detect VTeX and its facilities (HO)
Package ifvtex Info: VTeX not detected.
Package: intcalc 2007/09/27 v1.1 Expandable calculations with integers (HO)
Package: ifpdf 2011/01/30 v2.3 Provides the ifpdf switch (HO)
Package ifpdf Info: pdfTeX in PDF mode is detected.
Package: etexcmds 2011/02/16 v1.5 Avoid name clashes with e-TeX commands (HO)
Package etexcmds Info: Could not find \expanded.
(etexcmds)             That can mean that you are not using pdfTeX 1.50 or
(etexcmds)             that some package has redefined \expanded.
(etexcmds)             In the latter case, load this package earlier.
Package: kvsetkeys 2012/04/25 v1.16 Key value parser (HO)
Package: kvdefinekeys 2011/04/07 v1.3 Define keys (HO)
Package: pdftexcmds 2011/11/29 v0.20 Utility functions of pdfTeX for LuaTeX (HO
)
Package pdftexcmds Info: LuaTeX not detected.
Package pdftexcmds Info: \pdf@primitive is available.
Package pdftexcmds Info: \pdf@ifprimitive is available.
Package pdftexcmds Info: \pdfdraftmode found.
Package: pdfescape 2011/11/25 v1.13 Implements pdfTeX's escape features (HO)
Package: bigintcalc 2012/04/08 v1.3 Expandable calculations on big integers (HO
)
Package: bitset 2011/01/30 v1.1 Handle bit-vector datatype (HO)
Package: uniquecounter 2011/01/30 v1.2 Provide unlimited unique counter (HO)
)
Package hobsub Info: Skipping package `hobsub' (already loaded).
Package: letltxmacro 2010/09/02 v1.4 Let assignment for LaTeX macros (HO)
Package: hopatch 2012/05/28 v1.2 Wrapper for package hooks (HO)
Package: xcolor-patch 2011/01/30 xcolor patch
Package: atveryend 2011/06/30 v1.8 Hooks at the very end of document (HO)
Package: atbegshi 2011/10/05 v1.16 At begin shipout hook (HO)
Package hobsub Info: Skipping package `refcount' (already loaded).
Package: hycolor 2011/01/30 v1.7 Color options for hyperref/bookmark (HO)
)
(/usr/local/texlive/2015/texmf-dist/tex/generic/ifxetex/ifxetex.sty
Package: ifxetex 2010/09/12 v0.6 Provides ifxetex conditional
)
(/usr/local/texlive/2015/texmf-dist/tex/latex/oberdiek/auxhook.sty
Package: auxhook 2011/03/04 v1.3 Hooks for auxiliary files (HO)
)
(/usr/local/texlive/2015/texmf-dist/tex/latex/oberdiek/kvoptions.sty
Package: kvoptions 2011/06/30 v3.11 Key value format for package options (HO)
)
\@linkdim=\dimen132
\Hy@linkcounter=\count124
\Hy@pagecounter=\count125

(/usr/local/texlive/2015/texmf-dist/tex/latex/hyperref/pd1enc.def
File: pd1enc.def 2012/11/06 v6.83m Hyperref: PDFDocEncoding definition (HO)
)
\Hy@SavedSpaceFactor=\count126

(/usr/local/texlive/2015/texmf-dist/tex/latex/latexconfig/hyperref.cfg
File: hyperref.cfg 2002/06/06 v1.2 hyperref configuration of TeXLive
)
Package hyperref Info: Hyper figures OFF on input line 4443.
Package hyperref Info: Link nesting OFF on input line 4448.
Package hyperref Info: Hyper index ON on input line 4451.
Package hyperref Info: Plain pages OFF on input line 4458.
Package hyperref Info: Backreferencing OFF on input line 4463.
Package hyperref Info: Implicit mode ON; LaTeX internals redefined.
Package hyperref Info: Bookmarks ON on input line 4688.
\c@Hy@tempcnt=\count127

(/usr/local/texlive/2015/texmf-dist/tex/latex/url/url.sty
\Urlmuskip=\muskip11
Package: url 2013/09/16  ver 3.4  Verb mode for urls, etc.
)
LaTeX Info: Redefining \url on input line 5041.
\XeTeXLinkMargin=\dimen133
\Fld@menulength=\count128
\Field@Width=\dimen134
\Fld@charsize=\dimen135
Package hyperref Info: Hyper figures OFF on input line 6295.
Package hyperref Info: Link nesting OFF on input line 6300.
Package hyperref Info: Hyper index ON on input line 6303.
Package hyperref Info: backreferencing OFF on input line 6310.
Package hyperref Info: Link coloring OFF on input line 6315.
Package hyperref Info: Link coloring with OCG OFF on input line 6320.
Package hyperref Info: PDF/A mode OFF on input line 6325.
LaTeX Info: Redefining \ref on input line 6365.
LaTeX Info: Redefining \pageref on input line 6369.
\Hy@abspage=\count129
\c@Item=\count130
\c@Hfootnote=\count131
)

Package hyperref Message: Driver (autodetected): hpdftex.

(/usr/local/texlive/2015/texmf-dist/tex/latex/hyperref/hpdftex.def
File: hpdftex.def 2012/11/06 v6.83m Hyperref driver for pdfTeX
\Fld@listcount=\count132
\c@bookmark@seq@number=\count133

(/usr/local/texlive/2015/texmf-dist/tex/latex/oberdiek/rerunfilecheck.sty
Package: rerunfilecheck 2011/04/15 v1.7 Rerun checks for auxiliary files (HO)
Package uniquecounter Info: New unique counter `rerunfilecheck' on input line 2
82.
)
\Hy@SectionHShift=\skip57
)
(/usr/local/texlive/2015/texmf-dist/tex/latex/xcolor/xcolor.sty
Package: xcolor 2007/01/21 v2.11 LaTeX color extensions (UK)

(/usr/local/texlive/2015/texmf-dist/tex/latex/latexconfig/color.cfg
File: color.cfg 2007/01/18 v1.5 color configuration of teTeX/TeXLive
)
Package xcolor Info: Driver file: pdftex.def on input line 225.
Package xcolor Info: Model `cmy' substituted by `cmy0' on input line 1337.
Package xcolor Info: Model `hsb' substituted by `rgb' on input line 1341.
Package xcolor Info: Model `RGB' extended on input line 1353.
Package xcolor Info: Model `HTML' substituted by `rgb' on input line 1355.
Package xcolor Info: Model `Hsb' substituted by `hsb' on input line 1356.
Package xcolor Info: Model `tHsb' substituted by `hsb' on input line 1357.
Package xcolor Info: Model `HSB' substituted by `hsb' on input line 1358.
Package xcolor Info: Model `Gray' substituted by `gray' on input line 1359.
Package xcolor Info: Model `wave' substituted by `hsb' on input line 1360.
)
Package hyperref Info: Option `colorlinks' set `true' on input line 55.

(./Inhalt.aux)
\openout1 = `Inhalt.aux'.

LaTeX Font Info:    Checking defaults for OML/cmm/m/it on input line 60.
LaTeX Font Info:    ... okay on input line 60.
LaTeX Font Info:    Checking defaults for T1/cmr/m/n on input line 60.
LaTeX Font Info:    ... okay on input line 60.
LaTeX Font Info:    Checking defaults for OT1/cmr/m/n on input line 60.
LaTeX Font Info:    ... okay on input line 60.
LaTeX Font Info:    Checking defaults for OMS/cmsy/m/n on input line 60.
LaTeX Font Info:    ... okay on input line 60.
LaTeX Font Info:    Checking defaults for OMX/cmex/m/n on input line 60.
LaTeX Font Info:    ... okay on input line 60.
LaTeX Font Info:    Checking defaults for U/cmr/m/n on input line 60.
LaTeX Font Info:    ... okay on input line 60.
LaTeX Font Info:    Checking defaults for TS1/cmr/m/n on input line 60.
LaTeX Font Info:    Try loading font information for TS1+cmr on input line 60.
 (/usr/local/texlive/2015/texmf-dist/tex/latex/base/ts1cmr.fd
File: ts1cmr.fd 2014/09/29 v2.5h Standard LaTeX font definitions
)
LaTeX Font Info:    ... okay on input line 60.
LaTeX Font Info:    Checking defaults for PD1/pdf/m/n on input line 60.
LaTeX Font Info:    ... okay on input line 60.

(/usr/local/texlive/2015/texmf-dist/tex/latex/ucs/ucsencs.def
File: ucsencs.def 2011/01/21 Fixes to fontencodings LGR, T3
)
(/usr/local/texlive/2015/texmf-dist/tex/context/base/supp-pdf.mkii
[Loading MPS to PDF converter (version 2006.09.02).]
\scratchcounter=\count134
\scratchdimen=\dimen136
\scratchbox=\box61
\nofMPsegments=\count135
\nofMParguments=\count136
\everyMPshowfont=\toks28
\MPscratchCnt=\count137
\MPscratchDim=\dimen137
\MPnumerator=\count138
\makeMPintoPDFobject=\count139
\everyMPtoPDFconversion=\toks29
) (/usr/local/texlive/2015/texmf-dist/tex/latex/oberdiek/epstopdf-base.sty
Package: epstopdf-base 2010/02/09 v2.5 Base part for package epstopdf

(/usr/local/texlive/2015/texmf-dist/tex/latex/oberdiek/grfext.sty
Package: grfext 2010/08/19 v1.1 Manage graphics extensions (HO)
)
Package grfext Info: Graphics extension search list:
(grfext)             [.png,.pdf,.jpg,.mps,.jpeg,.jbig2,.jb2,.PNG,.PDF,.JPG,.JPE
G,.JBIG2,.JB2,.eps]
(grfext)             \AppendGraphicsExtensions on input line 452.

(/usr/local/texlive/2015/texmf-dist/tex/latex/latexconfig/epstopdf-sys.cfg
File: epstopdf-sys.cfg 2010/07/13 v1.3 Configuration of (r)epstopdf for TeX Liv
e
))
Package caption Info: Begin \AtBeginDocument code.
Package caption Info: float package is loaded.
Package caption Info: hyperref package is loaded.
Package caption Info: longtable package is loaded.

(/usr/local/texlive/2015/texmf-dist/tex/latex/caption/ltcaption.sty
Package: ltcaption 2013/02/03 v1.3-62 longtable captions (AR)
)
Package caption Info: End \AtBeginDocument code.
\AtBeginShipoutBox=\box62
Package hyperref Info: Link coloring ON on input line 60.

(/usr/local/texlive/2015/texmf-dist/tex/latex/hyperref/nameref.sty
Package: nameref 2012/10/27 v2.43 Cross-referencing by name of section

(/usr/local/texlive/2015/texmf-dist/tex/generic/oberdiek/gettitlestring.sty
Package: gettitlestring 2010/12/03 v1.4 Cleanup title references (HO)
)
\c@section@level=\count140
)
LaTeX Info: Redefining \ref on input line 60.
LaTeX Info: Redefining \pageref on input line 60.
LaTeX Info: Redefining \nameref on input line 60.

(./Inhalt.out) (./Inhalt.out)
\@outlinefile=\write3
\openout3 = `Inhalt.out'.

LaTeX Font Info:    Try loading font information for T1+cmss on input line 62.

(/usr/local/texlive/2015/texmf-dist/tex/latex/base/t1cmss.fd
File: t1cmss.fd 2014/09/29 v2.5h Standard LaTeX font definitions
) (./Inhalt.toc
LaTeX Font Info:    Try loading font information for U+msa on input line 3.

(/usr/local/texlive/2015/texmf-dist/tex/latex/amsfonts/umsa.fd
File: umsa.fd 2013/01/14 v3.01 AMS symbols A
)
LaTeX Font Info:    Try loading font information for U+msb on input line 3.

(/usr/local/texlive/2015/texmf-dist/tex/latex/amsfonts/umsb.fd
File: umsb.fd 2013/01/14 v3.01 AMS symbols B
))
\tf@toc=\write4
\openout4 = `Inhalt.toc'.

 [1

{/usr/local/texlive/2015/texmf-var/fonts/map/pdftex/updmap/pdftex.map}]
<figures/detector_system.png, id=133, 963.6pt x 542.025pt>
File: figures/detector_system.png Graphic file (type png)

<use figures/detector_system.png>
Package pdftex.def Info: figures/detector_system.png used on input line 82.
(pdftex.def)             Requested size: 418.25555pt x 235.26619pt.
 [2]

Package hyperref Warning: Token not allowed in a PDF string (PDFDocEncoding):
(hyperref)                removing `math shift' on input line 98.


Package hyperref Warning: Token not allowed in a PDF string (PDFDocEncoding):
(hyperref)                removing `\@@overline' on input line 98.


Package hyperref Warning: Token not allowed in a PDF string (PDFDocEncoding):
(hyperref)                removing `\gamma' on input line 98.


Package hyperref Warning: Token not allowed in a PDF string (PDFDocEncoding):
(hyperref)                removing `math shift' on input line 98.

[3 <./figures/detector_system.png>]
<figures/PP_process.png, id=155, 806.0514pt x 460.119pt>
File: figures/PP_process.png Graphic file (type png)

<use figures/PP_process.png>
Package pdftex.def Info: figures/PP_process.png used on input line 106.
(pdftex.def)             Requested size: 376.42744pt x 214.87987pt.

<figures/PhotonGood0_pt_lin.png, id=160, 517.935pt x 674.52pt>
File: figures/PhotonGood0_pt_lin.png Graphic file (type png)

<use figures/PhotonGood0_pt_lin.png>
Package pdftex.def Info: figures/PhotonGood0_pt_lin.png used on input line 128.

(pdftex.def)             Requested size: 209.12778pt x 272.35571pt.

<figures/PhotonGood0_pt_log.png, id=161, 517.935pt x 674.52pt>
File: figures/PhotonGood0_pt_log.png Graphic file (type png)

<use figures/PhotonGood0_pt_log.png>
Package pdftex.def Info: figures/PhotonGood0_pt_log.png used on input line 134.

(pdftex.def)             Requested size: 209.12778pt x 272.35571pt.
 [4 <./figures/PP_process.png>] [5 <./figures/PhotonGood0_pt_lin.png> <./figure
s/PhotonGood0_pt_log.png>]
<figures/Notused/Bj0_eta.png, id=183, 497.86pt x 473.77pt>
File: figures/Notused/Bj0_eta.png Graphic file (type png)

<use figures/Notused/Bj0_eta.png>
Package pdftex.def Info: figures/Notused/Bj0_eta.png used on input line 179.
(pdftex.def)             Requested size: 146.3888pt x 139.3055pt.

<figures/Notused/JetGood0_btagDeepB.png, id=184, 497.86pt x 473.77pt>
File: figures/Notused/JetGood0_btagDeepB.png Graphic file (type png)

<use figures/Notused/JetGood0_btagDeepB.png>
Package pdftex.def Info: figures/Notused/JetGood0_btagDeepB.png used on input l
ine 185.
(pdftex.def)             Requested size: 146.3888pt x 139.3055pt.
 [6]
<figures/Notused/LeptonTight0_eta.png, id=191, 497.86pt x 473.77pt>
File: figures/Notused/LeptonTight0_eta.png Graphic file (type png)

<use figures/Notused/LeptonTight0_eta.png>
Package pdftex.def Info: figures/Notused/LeptonTight0_eta.png used on input lin
e 197.
(pdftex.def)             Requested size: 146.3888pt x 139.3055pt.

<figures/Notused/LeptonTight0_pt.png, id=192, 497.86pt x 473.77pt>
File: figures/Notused/LeptonTight0_pt.png Graphic file (type png)

<use figures/Notused/LeptonTight0_pt.png>
Package pdftex.def Info: figures/Notused/LeptonTight0_pt.png used on input line
 203.
(pdftex.def)             Requested size: 146.3888pt x 139.3055pt.

<figures/Select1/nBTagGood.png, id=195, 497.86pt x 473.77pt>
File: figures/Select1/nBTagGood.png Graphic file (type png)

<use figures/Select1/nBTagGood.png>
Package pdftex.def Info: figures/Select1/nBTagGood.png used on input line 217.
(pdftex.def)             Requested size: 146.3888pt x 139.3055pt.

<figures/Select1/nJetGood.png, id=196, 497.86pt x 473.77pt>
File: figures/Select1/nJetGood.png Graphic file (type png)

<use figures/Select1/nJetGood.png>
Package pdftex.def Info: figures/Select1/nJetGood.png used on input line 223.
(pdftex.def)             Requested size: 146.3888pt x 139.3055pt.
 [7 <./figures/Notused/Bj0_eta.png> <./figures/Notused/JetGood0_btagDeepB.png> 
<./figures/Notused/LeptonTight0_eta.png> <./figures/Notused/LeptonTight0_pt.png
>]
<figures/Select1/JetGood0_eta.png, id=204, 497.86pt x 473.77pt>
File: figures/Select1/JetGood0_eta.png Graphic file (type png)

<use figures/Select1/JetGood0_eta.png>
Package pdftex.def Info: figures/Select1/JetGood0_eta.png used on input line 23
5.
(pdftex.def)             Requested size: 146.3888pt x 139.3055pt.

<figures/Select1/JetGood0_phi.png, id=205, 497.86pt x 473.77pt>
File: figures/Select1/JetGood0_phi.png Graphic file (type png)

<use figures/Select1/JetGood0_phi.png>
Package pdftex.def Info: figures/Select1/JetGood0_phi.png used on input line 24
1.
(pdftex.def)             Requested size: 146.3888pt x 139.3055pt.

<figures/Select1/JetGood0_pt.png, id=206, 497.86pt x 473.77pt>
File: figures/Select1/JetGood0_pt.png Graphic file (type png)

<use figures/Select1/JetGood0_pt.png>
Package pdftex.def Info: figures/Select1/JetGood0_pt.png used on input line 253
.
(pdftex.def)             Requested size: 146.3888pt x 139.3055pt.

<figures/Select1/leptonJetdR.png, id=207, 497.86pt x 473.77pt>
File: figures/Select1/leptonJetdR.png Graphic file (type png)

<use figures/Select1/leptonJetdR.png>
Package pdftex.def Info: figures/Select1/leptonJetdR.png used on input line 259
.
(pdftex.def)             Requested size: 146.3888pt x 139.3055pt.

<figures/Select1/MET_pt.png, id=208, 497.86pt x 473.77pt>
File: figures/Select1/MET_pt.png Graphic file (type png)

<use figures/Select1/MET_pt.png>
Package pdftex.def Info: figures/Select1/MET_pt.png used on input line 270.
(pdftex.def)             Requested size: 146.3888pt x 139.3055pt.

<figures/Select1/MET_phi.png, id=209, 497.86pt x 473.77pt>
File: figures/Select1/MET_phi.png Graphic file (type png)

<use figures/Select1/MET_phi.png>
Package pdftex.def Info: figures/Select1/MET_phi.png used on input line 276.
(pdftex.def)             Requested size: 146.3888pt x 139.3055pt.
 [8 <./figures/Select1/nBTagGood.png> <./figures/Select1/nJetGood.png> <./figur
es/Select1/JetGood0_eta.png> <./figures/Select1/JetGood0_phi.png> <./figures/Se
lect1/JetGood0_pt.png> <./figures/Select1/leptonJetdR.png>] <figures/Select1/mT
.png, id=216, 497.86pt x 473.77pt>
File: figures/Select1/mT.png Graphic file (type png)

<use figures/Select1/mT.png>
Package pdftex.def Info: figures/Select1/mT.png used on input line 287.
(pdftex.def)             Requested size: 146.3888pt x 139.3055pt.

<figures/Select1/m3.png, id=217, 497.86pt x 473.77pt>
File: figures/Select1/m3.png Graphic file (type png)

<use figures/Select1/m3.png>
Package pdftex.def Info: figures/Select1/m3.png used on input line 293.
(pdftex.def)             Requested size: 146.3888pt x 139.3055pt.

<figures/Select1/ht.png, id=218, 497.86pt x 473.77pt>
File: figures/Select1/ht.png Graphic file (type png)

<use figures/Select1/ht.png>
Package pdftex.def Info: figures/Select1/ht.png used on input line 302.
(pdftex.def)             Requested size: 146.39198pt x 139.3055pt.
 [9 <./figures/Select1/MET_pt.png> <./figures/Select1/MET_phi.png> <./figures/S
elect1/mT.png> <./figures/Select1/m3.png> <./figures/Select1/ht.png>]
<figures/Select2/PhotonGood0_mvaID.png, id=226, 497.86pt x 473.77pt>
File: figures/Select2/PhotonGood0_mvaID.png Graphic file (type png)

<use figures/Select2/PhotonGood0_mvaID.png>
Package pdftex.def Info: figures/Select2/PhotonGood0_mvaID.png used on input li
ne 312.
(pdftex.def)             Requested size: 146.39198pt x 139.3055pt.

<figures/Select3/PhotonGood0_pt.png, id=229, 497.86pt x 473.77pt>
File: figures/Select3/PhotonGood0_pt.png Graphic file (type png)

<use figures/Select3/PhotonGood0_pt.png>
Package pdftex.def Info: figures/Select3/PhotonGood0_pt.png used on input line 
323.
(pdftex.def)             Requested size: 146.3888pt x 139.3055pt.

<figures/Select3/PhotonGood0_phi.png, id=230, 497.86pt x 473.77pt>
File: figures/Select3/PhotonGood0_phi.png Graphic file (type png)

<use figures/Select3/PhotonGood0_phi.png>
Package pdftex.def Info: figures/Select3/PhotonGood0_phi.png used on input line
 329.
(pdftex.def)             Requested size: 146.3888pt x 139.3055pt.

<figures/Select3/PhotonGood0_eta.png, id=231, 497.86pt x 473.77pt>
File: figures/Select3/PhotonGood0_eta.png Graphic file (type png)

<use figures/Select3/PhotonGood0_eta.png>
Package pdftex.def Info: figures/Select3/PhotonGood0_eta.png used on input line
 341.
(pdftex.def)             Requested size: 146.3888pt x 139.3055pt.

<figures/Select3/ltight0GammadPhi.png, id=232, 497.86pt x 473.77pt>
File: figures/Select3/ltight0GammadPhi.png Graphic file (type png)

<use figures/Select3/ltight0GammadPhi.png>
Package pdftex.def Info: figures/Select3/ltight0GammadPhi.png used on input lin
e 347.
(pdftex.def)             Requested size: 146.3888pt x 139.3055pt.
 [10 <./figures/Select2/PhotonGood0_mvaID.png> <./figures/Select3/PhotonGood0_p
t.png> <./figures/Select3/PhotonGood0_phi.png>] <figures/Select3/photonJetdR.pn
g, id=240, 497.86pt x 473.77pt>
File: figures/Select3/photonJetdR.png Graphic file (type png)

<use figures/Select3/photonJetdR.png>
Package pdftex.def Info: figures/Select3/photonJetdR.png used on input line 358
.
(pdftex.def)             Requested size: 146.3888pt x 139.3055pt.

<figures/Select3/photonLepdR.png, id=241, 497.86pt x 473.77pt>
File: figures/Select3/photonLepdR.png Graphic file (type png)

<use figures/Select3/photonLepdR.png>
Package pdftex.def Info: figures/Select3/photonLepdR.png used on input line 364
.
(pdftex.def)             Requested size: 146.3888pt x 139.3055pt.
 [11 <./figures/Select3/PhotonGood0_eta.png> <./figures/Select3/ltight0GammadPh
i.png> <./figures/Select3/photonJetdR.png> <./figures/Select3/photonLepdR.png>]

<figures/BDT.png, id=249, 854.2314pt x 342.5598pt>
File: figures/BDT.png Graphic file (type png)
 <use figures/BDT.png>
Package pdftex.def Info: figures/BDT.png used on input line 381.
(pdftex.def)             Requested size: 418.25555pt x 167.72508pt.

<figures/log-sigmoid.png, id=252, 801.99625pt x 592.2125pt>
File: figures/log-sigmoid.png Graphic file (type png)

<use figures/log-sigmoid.png>
Package pdftex.def Info: figures/log-sigmoid.png used on input line 393.
(pdftex.def)             Requested size: 104.56389pt x 77.2072pt.
 [12 <./figures/BDT.png> <./figures/log-sigmoid.png>] <figures/MLP.png, id=266,
 772.8072pt x 414.8298pt>
File: figures/MLP.png Graphic file (type png)
 <use figures/MLP.png>
Package pdftex.def Info: figures/MLP.png used on input line 414.
(pdftex.def)             Requested size: 418.25555pt x 224.51746pt.

[13 <./figures/MLP.png>] [14]
<figures/ROC_curve.png, id=287, 339.669pt x 344.0052pt>
File: figures/ROC_curve.png Graphic file (type png)

<use figures/ROC_curve.png>
Package pdftex.def Info: figures/ROC_curve.png used on input line 486.
(pdftex.def)             Requested size: 209.12778pt x 211.80077pt.

<figures/MVA/select1/config1/discriminator_bdt.png, id=294, 497.86pt x 473.77pt
>
File: figures/MVA/select1/config1/discriminator_bdt.png Graphic file (type png)

 <use figures/MVA/select1/config1/discriminator_bdt.png>
Package pdftex.def Info: figures/MVA/select1/config1/discriminator_bdt.png used
 on input line 505.
(pdftex.def)             Requested size: 156.84583pt x 149.26003pt.

<figures/MVA/select1/config1/discriminator_mlp.png, id=295, 497.86pt x 473.77pt
>
File: figures/MVA/select1/config1/discriminator_mlp.png Graphic file (type png)

 <use figures/MVA/select1/config1/discriminator_mlp.png>
Package pdftex.def Info: figures/MVA/select1/config1/discriminator_mlp.png used
 on input line 511.
(pdftex.def)             Requested size: 156.84583pt x 149.26003pt.

<figures/MVA/select1/config1/FOM_selection1_nL5_nT400_mD1_nC10.png, id=296, 598
.235pt x 574.145pt>
File: figures/MVA/select1/config1/FOM_selection1_nL5_nT400_mD1_nC10.png Graphic
 file (type png)

<use figures/MVA/select1/config1/FOM_selection1_nL5_nT400_mD1_nC10.png>
Package pdftex.def Info: figures/MVA/select1/config1/FOM_selection1_nL5_nT400_m
D1_nC10.png used on input line 516.
(pdftex.def)             Requested size: 209.12778pt x 200.70845pt.

[15 <./figures/ROC_curve.png>]
<figures/MVA/select1/config2/discriminator_bdt.png, id=309, 497.86pt x 473.77pt
>
File: figures/MVA/select1/config2/discriminator_bdt.png Graphic file (type png)

 <use figures/MVA/select1/config2/discriminator_bdt.png>
Package pdftex.def Info: figures/MVA/select1/config2/discriminator_bdt.png used
 on input line 525.
(pdftex.def)             Requested size: 156.84583pt x 149.26003pt.

<figures/MVA/select1/config2/discriminator_mlp.png, id=310, 497.86pt x 473.77pt
>
File: figures/MVA/select1/config2/discriminator_mlp.png Graphic file (type png)

 <use figures/MVA/select1/config2/discriminator_mlp.png>
Package pdftex.def Info: figures/MVA/select1/config2/discriminator_mlp.png used
 on input line 531.
(pdftex.def)             Requested size: 156.84583pt x 149.26003pt.

<figures/MVA/select1/config2/FOM_selection1_nL7_nT800_mD3_nC20.png, id=311, 598
.235pt x 574.145pt>
File: figures/MVA/select1/config2/FOM_selection1_nL7_nT800_mD3_nC20.png Graphic
 file (type png)

<use figures/MVA/select1/config2/FOM_selection1_nL7_nT800_mD3_nC20.png>
Package pdftex.def Info: figures/MVA/select1/config2/FOM_selection1_nL7_nT800_m
D3_nC20.png used on input line 536.
(pdftex.def)             Requested size: 209.12778pt x 200.70845pt.

[16 <./figures/MVA/select1/config1/discriminator_bdt.png> <./figures/MVA/select
1/config1/discriminator_mlp.png> <./figures/MVA/select1/config1/FOM_selection1_
nL5_nT400_mD1_nC10.png>]
<figures/MVA/select1/config3/discriminator_bdt.png, id=317, 497.86pt x 473.77pt
>
File: figures/MVA/select1/config3/discriminator_bdt.png Graphic file (type png)

 <use figures/MVA/select1/config3/discriminator_bdt.png>
Package pdftex.def Info: figures/MVA/select1/config3/discriminator_bdt.png used
 on input line 545.
(pdftex.def)             Requested size: 156.84583pt x 149.26003pt.

<figures/MVA/select1/config3/discriminator_mlp.png, id=318, 497.86pt x 473.77pt
>
File: figures/MVA/select1/config3/discriminator_mlp.png Graphic file (type png)

 <use figures/MVA/select1/config3/discriminator_mlp.png>
Package pdftex.def Info: figures/MVA/select1/config3/discriminator_mlp.png used
 on input line 551.
(pdftex.def)             Requested size: 156.84583pt x 149.26003pt.

<figures/MVA/select1/config3/FOM_selection1_nL10_nT1000_mD5_nC50.png, id=319, 5
98.235pt x 574.145pt>
File: figures/MVA/select1/config3/FOM_selection1_nL10_nT1000_mD5_nC50.png Graph
ic file (type png)

<use figures/MVA/select1/config3/FOM_selection1_nL10_nT1000_mD5_nC50.png>
Package pdftex.def Info: figures/MVA/select1/config3/FOM_selection1_nL10_nT1000
_mD5_nC50.png used on input line 556.
(pdftex.def)             Requested size: 209.12778pt x 200.70845pt.

[17 <./figures/MVA/select1/config2/discriminator_bdt.png> <./figures/MVA/select
1/config2/discriminator_mlp.png> <./figures/MVA/select1/config2/FOM_selection1_
nL7_nT800_mD3_nC20.png>]
<figures/MVA/select2/config1/discriminator_bdt.png, id=326, 497.86pt x 473.77pt
>
File: figures/MVA/select2/config1/discriminator_bdt.png Graphic file (type png)

 <use figures/MVA/select2/config1/discriminator_bdt.png>
Package pdftex.def Info: figures/MVA/select2/config1/discriminator_bdt.png used
 on input line 566.
(pdftex.def)             Requested size: 156.84583pt x 149.26003pt.

<figures/MVA/select2/config1/discriminator_mlp.png, id=327, 497.86pt x 473.77pt
>
File: figures/MVA/select2/config1/discriminator_mlp.png Graphic file (type png)

 <use figures/MVA/select2/config1/discriminator_mlp.png>
Package pdftex.def Info: figures/MVA/select2/config1/discriminator_mlp.png used
 on input line 572.
(pdftex.def)             Requested size: 156.84583pt x 149.26003pt.

<figures/MVA/select2/config1/FOM_selection2_nL5_nT400_mD1_nC10.png, id=328, 598
.235pt x 574.145pt>
File: figures/MVA/select2/config1/FOM_selection2_nL5_nT400_mD1_nC10.png Graphic
 file (type png)

<use figures/MVA/select2/config1/FOM_selection2_nL5_nT400_mD1_nC10.png>
Package pdftex.def Info: figures/MVA/select2/config1/FOM_selection2_nL5_nT400_m
D1_nC10.png used on input line 577.
(pdftex.def)             Requested size: 209.12778pt x 200.70845pt.

[18 <./figures/MVA/select1/config3/discriminator_bdt.png> <./figures/MVA/select
1/config3/discriminator_mlp.png> <./figures/MVA/select1/config3/FOM_selection1_
nL10_nT1000_mD5_nC50.png>]
<figures/MVA/select2/config2/discriminator_bdt.png, id=335, 497.86pt x 473.77pt
>
File: figures/MVA/select2/config2/discriminator_bdt.png Graphic file (type png)

 <use figures/MVA/select2/config2/discriminator_bdt.png>
Package pdftex.def Info: figures/MVA/select2/config2/discriminator_bdt.png used
 on input line 586.
(pdftex.def)             Requested size: 156.84583pt x 149.26003pt.

<figures/MVA/select2/config2/discriminator_mlp.png, id=336, 497.86pt x 473.77pt
>
File: figures/MVA/select2/config2/discriminator_mlp.png Graphic file (type png)

 <use figures/MVA/select2/config2/discriminator_mlp.png>
Package pdftex.def Info: figures/MVA/select2/config2/discriminator_mlp.png used
 on input line 592.
(pdftex.def)             Requested size: 156.84583pt x 149.26003pt.

<figures/MVA/select2/config2/FOM_selection2_nL7_nT800_mD3_nC20.png, id=337, 598
.235pt x 574.145pt>
File: figures/MVA/select2/config2/FOM_selection2_nL7_nT800_mD3_nC20.png Graphic
 file (type png)

<use figures/MVA/select2/config2/FOM_selection2_nL7_nT800_mD3_nC20.png>
Package pdftex.def Info: figures/MVA/select2/config2/FOM_selection2_nL7_nT800_m
D3_nC20.png used on input line 597.
(pdftex.def)             Requested size: 209.12778pt x 200.70845pt.

[19 <./figures/MVA/select2/config1/discriminator_bdt.png> <./figures/MVA/select
2/config1/discriminator_mlp.png> <./figures/MVA/select2/config1/FOM_selection2_
nL5_nT400_mD1_nC10.png>]
<figures/MVA/select2/config3/discriminator_bdt.png, id=344, 497.86pt x 473.77pt
>
File: figures/MVA/select2/config3/discriminator_bdt.png Graphic file (type png)

 <use figures/MVA/select2/config3/discriminator_bdt.png>
Package pdftex.def Info: figures/MVA/select2/config3/discriminator_bdt.png used
 on input line 606.
(pdftex.def)             Requested size: 156.84583pt x 149.26003pt.

<figures/MVA/select2/config3/discriminator_mlp.png, id=345, 497.86pt x 473.77pt
>
File: figures/MVA/select2/config3/discriminator_mlp.png Graphic file (type png)

 <use figures/MVA/select2/config3/discriminator_mlp.png>
Package pdftex.def Info: figures/MVA/select2/config3/discriminator_mlp.png used
 on input line 612.
(pdftex.def)             Requested size: 156.84583pt x 149.26003pt.

<figures/MVA/select2/config3/FOM_selection2_nL10_nT1000_mD5_nC50.png, id=346, 5
98.235pt x 574.145pt>
File: figures/MVA/select2/config3/FOM_selection2_nL10_nT1000_mD5_nC50.png Graph
ic file (type png)

<use figures/MVA/select2/config3/FOM_selection2_nL10_nT1000_mD5_nC50.png>
Package pdftex.def Info: figures/MVA/select2/config3/FOM_selection2_nL10_nT1000
_mD5_nC50.png used on input line 617.
(pdftex.def)             Requested size: 209.12778pt x 200.70845pt.

[20 <./figures/MVA/select2/config2/discriminator_bdt.png> <./figures/MVA/select
2/config2/discriminator_mlp.png> <./figures/MVA/select2/config2/FOM_selection2_
nL7_nT800_mD3_nC20.png>]
<figures/MVA/select3/config1/discriminator_bdt.png, id=353, 497.86pt x 473.77pt
>
File: figures/MVA/select3/config1/discriminator_bdt.png Graphic file (type png)

 <use figures/MVA/select3/config1/discriminator_bdt.png>
Package pdftex.def Info: figures/MVA/select3/config1/discriminator_bdt.png used
 on input line 627.
(pdftex.def)             Requested size: 156.84583pt x 149.26003pt.

<figures/MVA/select3/config1/discriminator_mlp.png, id=354, 497.86pt x 473.77pt
>
File: figures/MVA/select3/config1/discriminator_mlp.png Graphic file (type png)

 <use figures/MVA/select3/config1/discriminator_mlp.png>
Package pdftex.def Info: figures/MVA/select3/config1/discriminator_mlp.png used
 on input line 633.
(pdftex.def)             Requested size: 156.84583pt x 149.26003pt.

<figures/MVA/select3/config1/FOM_selection3_nL5_nT400_mD1_nC10.png, id=355, 598
.235pt x 574.145pt>
File: figures/MVA/select3/config1/FOM_selection3_nL5_nT400_mD1_nC10.png Graphic
 file (type png)

<use figures/MVA/select3/config1/FOM_selection3_nL5_nT400_mD1_nC10.png>
Package pdftex.def Info: figures/MVA/select3/config1/FOM_selection3_nL5_nT400_m
D1_nC10.png used on input line 638.
(pdftex.def)             Requested size: 209.12778pt x 200.70845pt.

[21 <./figures/MVA/select2/config3/discriminator_bdt.png> <./figures/MVA/select
2/config3/discriminator_mlp.png> <./figures/MVA/select2/config3/FOM_selection2_
nL10_nT1000_mD5_nC50.png>]
<figures/MVA/select3/config2/discriminator_bdt.png, id=361, 497.86pt x 473.77pt
>
File: figures/MVA/select3/config2/discriminator_bdt.png Graphic file (type png)

 <use figures/MVA/select3/config2/discriminator_bdt.png>
Package pdftex.def Info: figures/MVA/select3/config2/discriminator_bdt.png used
 on input line 647.
(pdftex.def)             Requested size: 156.84583pt x 149.26003pt.

<figures/MVA/select3/config2/discriminator_mlp.png, id=362, 497.86pt x 473.77pt
>
File: figures/MVA/select3/config2/discriminator_mlp.png Graphic file (type png)

 <use figures/MVA/select3/config2/discriminator_mlp.png>
Package pdftex.def Info: figures/MVA/select3/config2/discriminator_mlp.png used
 on input line 653.
(pdftex.def)             Requested size: 156.84583pt x 149.26003pt.

<figures/MVA/select3/config2/FOM_selection3_nL7_nT800_mD3_nC20.png, id=363, 598
.235pt x 574.145pt>
File: figures/MVA/select3/config2/FOM_selection3_nL7_nT800_mD3_nC20.png Graphic
 file (type png)

<use figures/MVA/select3/config2/FOM_selection3_nL7_nT800_mD3_nC20.png>
Package pdftex.def Info: figures/MVA/select3/config2/FOM_selection3_nL7_nT800_m
D3_nC20.png used on input line 658.
(pdftex.def)             Requested size: 209.12778pt x 200.70845pt.

[22 <./figures/MVA/select3/config1/discriminator_bdt.png> <./figures/MVA/select
3/config1/discriminator_mlp.png> <./figures/MVA/select3/config1/FOM_selection3_
nL5_nT400_mD1_nC10.png>]
<figures/MVA/select3/config3/discriminator_bdt.png, id=369, 497.86pt x 473.77pt
>
File: figures/MVA/select3/config3/discriminator_bdt.png Graphic file (type png)

 <use figures/MVA/select3/config3/discriminator_bdt.png>
Package pdftex.def Info: figures/MVA/select3/config3/discriminator_bdt.png used
 on input line 667.
(pdftex.def)             Requested size: 156.84583pt x 149.26003pt.

<figures/MVA/select3/config3/discriminator_mlp.png, id=370, 497.86pt x 473.77pt
>
File: figures/MVA/select3/config3/discriminator_mlp.png Graphic file (type png)

 <use figures/MVA/select3/config3/discriminator_mlp.png>
Package pdftex.def Info: figures/MVA/select3/config3/discriminator_mlp.png used
 on input line 673.
(pdftex.def)             Requested size: 156.84583pt x 149.26003pt.

<figures/MVA/select3/config3/FOM_selection3_nL10_nT1000_mD5_nC50.png, id=371, 5
98.235pt x 574.145pt>
File: figures/MVA/select3/config3/FOM_selection3_nL10_nT1000_mD5_nC50.png Graph
ic file (type png)

<use figures/MVA/select3/config3/FOM_selection3_nL10_nT1000_mD5_nC50.png>
Package pdftex.def Info: figures/MVA/select3/config3/FOM_selection3_nL10_nT1000
_mD5_nC50.png used on input line 678.
(pdftex.def)             Requested size: 209.12778pt x 200.70845pt.

[23 <./figures/MVA/select3/config2/discriminator_bdt.png> <./figures/MVA/select
3/config2/discriminator_mlp.png> <./figures/MVA/select3/config2/FOM_selection3_
nL7_nT800_mD3_nC20.png>]
File: figures/Notused/Bj0_eta.png Graphic file (type png)
 <use figures/Notused/Bj0_eta.png>
Package pdftex.def Info: figures/Notused/Bj0_eta.png used on input line 694.
(pdftex.def)             Requested size: 146.3888pt x 139.3055pt.

<figures/Notused/Bj0_phi.png, id=378, 497.86pt x 473.77pt>
File: figures/Notused/Bj0_phi.png Graphic file (type png)

<use figures/Notused/Bj0_phi.png>
Package pdftex.def Info: figures/Notused/Bj0_phi.png used on input line 699.
(pdftex.def)             Requested size: 146.3888pt x 139.3055pt.
 [24 <./figures/MVA/select3/config3/discriminator_bdt.png> <./figures/MVA/selec
t3/config3/discriminator_mlp.png> <./figures/MVA/select3/config3/FOM_selection3
_nL10_nT1000_mD5_nC50.png>]
<figures/Notused/Bj0_pt.png, id=384, 497.86pt x 473.77pt>
File: figures/Notused/Bj0_pt.png Graphic file (type png)

<use figures/Notused/Bj0_pt.png>
Package pdftex.def Info: figures/Notused/Bj0_pt.png used on input line 709.
(pdftex.def)             Requested size: 146.3888pt x 139.3055pt.

<figures/Notused/Bj1_eta.png, id=385, 497.86pt x 473.77pt>
File: figures/Notused/Bj1_eta.png Graphic file (type png)

<use figures/Notused/Bj1_eta.png>
Package pdftex.def Info: figures/Notused/Bj1_eta.png used on input line 714.
(pdftex.def)             Requested size: 146.3888pt x 139.3055pt.

<figures/Notused/Bj1_phi.png, id=386, 497.86pt x 473.77pt>
File: figures/Notused/Bj1_phi.png Graphic file (type png)

<use figures/Notused/Bj1_phi.png>
Package pdftex.def Info: figures/Notused/Bj1_phi.png used on input line 724.
(pdftex.def)             Requested size: 146.3888pt x 139.3055pt.

<figures/Notused/Bj1_pt.png, id=387, 497.86pt x 473.77pt>
File: figures/Notused/Bj1_pt.png Graphic file (type png)

<use figures/Notused/Bj1_pt.png>
Package pdftex.def Info: figures/Notused/Bj1_pt.png used on input line 729.
(pdftex.def)             Requested size: 146.3888pt x 139.3055pt.
 [25 <./figures/Notused/Bj0_phi.png> <./figures/Notused/Bj0_pt.png> <./figures/
Notused/Bj1_eta.png>]
File: figures/Notused/JetGood0_btagDeepB.png Graphic file (type png)

<use figures/Notused/JetGood0_btagDeepB.png>
Package pdftex.def Info: figures/Notused/JetGood0_btagDeepB.png used on input l
ine 739.
(pdftex.def)             Requested size: 146.3888pt x 139.3055pt.

<figures/Notused/JetGood1_btagDeepB.png, id=395, 497.86pt x 473.77pt>
File: figures/Notused/JetGood1_btagDeepB.png Graphic file (type png)

<use figures/Notused/JetGood1_btagDeepB.png>
Package pdftex.def Info: figures/Notused/JetGood1_btagDeepB.png used on input l
ine 744.
(pdftex.def)             Requested size: 146.3888pt x 139.3055pt.

<figures/Notused/JetGood0_chHEF.png, id=396, 497.86pt x 473.77pt>
File: figures/Notused/JetGood0_chHEF.png Graphic file (type png)

<use figures/Notused/JetGood0_chHEF.png>
Package pdftex.def Info: figures/Notused/JetGood0_chHEF.png used on input line 
754.
(pdftex.def)             Requested size: 146.3888pt x 139.3055pt.

<figures/Notused/JetGood0_chEmEF.png, id=397, 497.86pt x 473.77pt>
File: figures/Notused/JetGood0_chEmEF.png Graphic file (type png)

<use figures/Notused/JetGood0_chEmEF.png>
Package pdftex.def Info: figures/Notused/JetGood0_chEmEF.png used on input line
 759.
(pdftex.def)             Requested size: 146.3888pt x 139.3055pt.

<figures/Notused/JetGood0_neHEF.png, id=398, 497.86pt x 473.77pt>
File: figures/Notused/JetGood0_neHEF.png Graphic file (type png)

<use figures/Notused/JetGood0_neHEF.png>
Package pdftex.def Info: figures/Notused/JetGood0_neHEF.png used on input line 
769.
(pdftex.def)             Requested size: 146.3888pt x 139.3055pt.

<figures/Notused/JetGood0_neEmEF.png, id=399, 497.86pt x 473.77pt>
File: figures/Notused/JetGood0_neEmEF.png Graphic file (type png)

<use figures/Notused/JetGood0_neEmEF.png>
Package pdftex.def Info: figures/Notused/JetGood0_neEmEF.png used on input line
 774.
(pdftex.def)             Requested size: 146.3888pt x 139.3055pt.
 [26 <./figures/Notused/Bj1_phi.png> <./figures/Notused/Bj1_pt.png> <./figures/
Notused/JetGood1_btagDeepB.png> <./figures/Notused/JetGood0_chHEF.png> <./figur
es/Notused/JetGood0_chEmEF.png>]
<figures/Notused/JetGood1_eta.png, id=407, 497.86pt x 473.77pt>
File: figures/Notused/JetGood1_eta.png Graphic file (type png)

<use figures/Notused/JetGood1_eta.png>
Package pdftex.def Info: figures/Notused/JetGood1_eta.png used on input line 78
4.
(pdftex.def)             Requested size: 146.3888pt x 139.3055pt.

<figures/Notused/JetGood1_phi.png, id=408, 497.86pt x 473.77pt>
File: figures/Notused/JetGood1_phi.png Graphic file (type png)

<use figures/Notused/JetGood1_phi.png>
Package pdftex.def Info: figures/Notused/JetGood1_phi.png used on input line 78
9.
(pdftex.def)             Requested size: 146.3888pt x 139.3055pt.

<figures/Notused/JetGood1_pt.png, id=409, 497.86pt x 473.77pt>
File: figures/Notused/JetGood1_pt.png Graphic file (type png)

<use figures/Notused/JetGood1_pt.png>
Package pdftex.def Info: figures/Notused/JetGood1_pt.png used on input line 799
.
(pdftex.def)             Requested size: 146.3888pt x 139.3055pt.

<figures/Notused/LeptonTight0__phi.png, id=410, 497.86pt x 473.77pt>
File: figures/Notused/LeptonTight0__phi.png Graphic file (type png)

<use figures/Notused/LeptonTight0__phi.png>
Package pdftex.def Info: figures/Notused/LeptonTight0__phi.png used on input li
ne 804.
(pdftex.def)             Requested size: 146.3888pt x 139.3055pt.
File: figures/Notused/LeptonTight0_eta.png Graphic file (type png)

<use figures/Notused/LeptonTight0_eta.png>
Package pdftex.def Info: figures/Notused/LeptonTight0_eta.png used on input lin
e 814.
(pdftex.def)             Requested size: 146.3888pt x 139.3055pt.

<figures/Notused/LeptonTight0_pfRelIso03_all.png, id=411, 497.86pt x 473.77pt>
File: figures/Notused/LeptonTight0_pfRelIso03_all.png Graphic file (type png)

<use figures/Notused/LeptonTight0_pfRelIso03_all.png>
Package pdftex.def Info: figures/Notused/LeptonTight0_pfRelIso03_all.png used o
n input line 819.
(pdftex.def)             Requested size: 146.3888pt x 139.3055pt.
 [27 <./figures/Notused/JetGood0_neHEF.png> <./figures/Notused/JetGood0_neEmEF.
png> <./figures/Notused/JetGood1_eta.png> <./figures/Notused/JetGood1_phi.png> 
<./figures/Notused/JetGood1_pt.png> <./figures/Notused/LeptonTight0__phi.png>]
<figures/Notused/LeptonTight0_pfRelIso03_chg.png, id=419, 497.86pt x 473.77pt>
File: figures/Notused/LeptonTight0_pfRelIso03_chg.png Graphic file (type png)

<use figures/Notused/LeptonTight0_pfRelIso03_chg.png>
Package pdftex.def Info: figures/Notused/LeptonTight0_pfRelIso03_chg.png used o
n input line 829.
(pdftex.def)             Requested size: 146.3888pt x 139.3055pt.

<figures/Notused/LeptonTight0_pfRelIso03_ne.png, id=420, 497.86pt x 473.77pt>
File: figures/Notused/LeptonTight0_pfRelIso03_ne.png Graphic file (type png)

<use figures/Notused/LeptonTight0_pfRelIso03_ne.png>
Package pdftex.def Info: figures/Notused/LeptonTight0_pfRelIso03_ne.png used on
 input line 834.
(pdftex.def)             Requested size: 146.3888pt x 139.3055pt.
File: figures/Notused/LeptonTight0_pt.png Graphic file (type png)

<use figures/Notused/LeptonTight0_pt.png>
Package pdftex.def Info: figures/Notused/LeptonTight0_pt.png used on input line
 844.
(pdftex.def)             Requested size: 146.3888pt x 139.3055pt.

<figures/Notused/nElectronTight.png, id=421, 497.86pt x 473.77pt>
File: figures/Notused/nElectronTight.png Graphic file (type png)

<use figures/Notused/nElectronTight.png>
Package pdftex.def Info: figures/Notused/nElectronTight.png used on input line 
849.
(pdftex.def)             Requested size: 146.3888pt x 139.3055pt.

<figures/Notused/nHighPTPhotons.png, id=422, 497.86pt x 473.77pt>
File: figures/Notused/nHighPTPhotons.png Graphic file (type png)

<use figures/Notused/nHighPTPhotons.png>
Package pdftex.def Info: figures/Notused/nHighPTPhotons.png used on input line 
859.
(pdftex.def)             Requested size: 146.3888pt x 139.3055pt.

<figures/Notused/nJet.png, id=423, 497.86pt x 473.77pt>
File: figures/Notused/nJet.png Graphic file (type png)

<use figures/Notused/nJet.png>
Package pdftex.def Info: figures/Notused/nJet.png used on input line 864.
(pdftex.def)             Requested size: 146.3888pt x 139.3055pt.
 [28 <./figures/Notused/LeptonTight0_pfRelIso03_all.png> <./figures/Notused/Lep
tonTight0_pfRelIso03_chg.png> <./figures/Notused/LeptonTight0_pfRelIso03_ne.png
> <./figures/Notused/nElectronTight.png>]
<figures/Notused/nLeptonTight.png, id=431, 497.86pt x 473.77pt>
File: figures/Notused/nLeptonTight.png Graphic file (type png)

<use figures/Notused/nLeptonTight.png>
Package pdftex.def Info: figures/Notused/nLeptonTight.png used on input line 87
4.
(pdftex.def)             Requested size: 146.3888pt x 139.3055pt.

<figures/Notused/nMuonTight.png, id=432, 497.86pt x 473.77pt>
File: figures/Notused/nMuonTight.png Graphic file (type png)

<use figures/Notused/nMuonTight.png>
Package pdftex.def Info: figures/Notused/nMuonTight.png used on input line 879.

(pdftex.def)             Requested size: 146.3888pt x 139.3055pt.

<figures/Notused/nPhotonGood.png, id=433, 497.86pt x 473.77pt>
File: figures/Notused/nPhotonGood.png Graphic file (type png)

<use figures/Notused/nPhotonGood.png>
Package pdftex.def Info: figures/Notused/nPhotonGood.png used on input line 887
.
(pdftex.def)             Requested size: 146.39198pt x 139.3055pt.

Underfull \hbox (badness 1472) in paragraph at lines 913--913
\T1/cmr/m/n/10.95 when-ever bag-ging is used (i.e. Use-
 []


Underfull \hbox (badness 10000) in paragraph at lines 915--915
[]|\T1/cmr/m/n/10.95 InverseBoost-
 []


Underfull \hbox (badness 3439) in paragraph at lines 915--915
\T1/cmr/m/n/10.95 in the BDT train-ing (par-tic-u-lar the
 []


Underfull \hbox (badness 4303) in paragraph at lines 915--915
\T1/cmr/m/n/10.95 boost-ing) : Ig-nor-eIn-Train-ing; Boost
 []


Underfull \hbox (badness 1748) in paragraph at lines 917--917
[]|\T1/cmr/m/n/10.95 Separation cri-te-rion for node split-ting
 []


Underfull \hbox (badness 10000) in paragraph at lines 917--917
\T1/cmr/m/n/10.95 (CrossEn-tropy, Gini-In-dex, Gini-In-
 []


Underfull \hbox (badness 1874) in paragraph at lines 917--917
\T1/cmr/m/n/10.95 dexWith-Laplace, Mis-Clas-si-fi-ca-tion-Error,
 []


Overfull \hbox (1.85663pt too wide) in alignment at lines 898--919
 [] [] [] 
 []

[29 <./figures/Notused/nHighPTPhotons.png> <./figures/Notused/nJet.png> <./figu
res/Notused/nLeptonTight.png> <./figures/Notused/nMuonTight.png> <./figures/Not
used/nPhotonGood.png>]
Underfull \vbox (badness 10000) detected at line 919
 []


Underfull \hbox (badness 10000) in paragraph at lines 925--925
[]|\T1/cmr/m/n/10.95 Note: for BDTs use small trees
 []


Underfull \hbox (badness 10000) in paragraph at lines 925--925
\T1/cmr/m/n/10.95 (e.g.MaxDepth=3) and No-Prun-ing;
 []


Underfull \hbox (badness 5316) in paragraph at lines 925--925
\T1/cmr/m/n/10.95 Prun-ing: Method used for prun-ing
 []


Underfull \hbox (badness 6625) in paragraph at lines 925--925
\T1/cmr/m/n/10.95 (re-moval) of sta-tis-ti-cally in-signif-i-cant
 []


Underfull \hbox (badness 10000) in paragraph at lines 925--925
\T1/cmr/m/n/10.95 branches (No-Prun-ing, Ex-pect-ed-Er-ror,
 []


Underfull \hbox (badness 1917) in paragraph at lines 930--930
\T1/cmr/m/n/10.95 in-stead: Num-ber of ran-domly picked
 []


Overfull \hbox (1.85663pt too wide) in alignment at lines 919--934
 [] [] [] 
 []

[30] [31] (/usr/local/texlive/2015/texmf-dist/tex/latex/ucs/data/uni-32.def
File: uni-32.def 2013/05/13 UCS: Unicode data U+2000..U+20FF
)
Underfull \hbox (badness 10000) in paragraph at lines 956--956
[]|\T1/cmr/m/n/10.95 Only 'Sam-pling' (ran-domly se-lected)
 []


Overfull \hbox (1.85663pt too wide) in alignment at lines 941--963
 [] [] [] 
 []


Underfull \vbox (badness 10000) detected at line 963
 []


Underfull \hbox (badness 1675) in paragraph at lines 964--964
\T1/cmr/m/n/10.95 set if in Batch Mode, -1 for Batch-
 []


Overfull \hbox (1.85663pt too wide) in alignment at lines 963--974
 [] [] [] 
 []

[32] [33] (./Inhalt.bbl) [34] (./Inhalt.lof [35])
\tf@lof=\write5
\openout5 = `Inhalt.lof'.

 [36] (./Inhalt.lot)
\tf@lot=\write6
\openout6 = `Inhalt.lot'.

Package atveryend Info: Empty hook `BeforeClearDocument' on input line 996.
 [37]
Package atveryend Info: Empty hook `AfterLastShipout' on input line 996.

(./Inhalt.aux)
Package atveryend Info: Executing hook `AtVeryEndDocument' on input line 996.
Package atveryend Info: Executing hook `AtEndAfterFileList' on input line 996.
Package rerunfilecheck Info: File `Inhalt.out' has not changed.
(rerunfilecheck)             Checksum: EB1F90E180359795D49365A3400D0089;1468.
 ) 
Here is how much of TeX's memory you used:
 11882 strings out of 493089
 190053 string characters out of 6134841
 359683 words of memory out of 5000000
 14995 multiletter control sequences out of 15000+600000
 17643 words of font info for 49 fonts, out of 8000000 for 9000
 1141 hyphenation exceptions out of 8191
 41i,10n,51p,940b,497s stack positions out of 5000i,500n,10000p,200000b,80000s
{/usr/local/texlive/2015/texmf-dist/fonts/enc/dvips/cm-super/cm-super-t1.enc}
{/usr/local/texlive/2015/texmf-dist/fonts/enc/dvips/cm-super/cm-super-ts1.enc}<
/usr/local/texlive/2015/texmf-dist/fonts/type1/public/amsfonts/cm/cmex10.pfb></
usr/local/texlive/2015/texmf-dist/fonts/type1/public/amsfonts/cm/cmmi10.pfb></u
sr/local/texlive/2015/texmf-dist/fonts/type1/public/amsfonts/cm/cmmi12.pfb></us
r/local/texlive/2015/texmf-dist/fonts/type1/public/amsfonts/cm/cmmi8.pfb></usr/
local/texlive/2015/texmf-dist/fonts/type1/public/amsfonts/cm/cmr10.pfb></usr/lo
cal/texlive/2015/texmf-dist/fonts/type1/public/amsfonts/cm/cmr8.pfb></usr/local
/texlive/2015/texmf-dist/fonts/type1/public/amsfonts/cm/cmsy10.pfb></usr/local/
texlive/2015/texmf-dist/fonts/type1/public/amsfonts/cm/cmsy8.pfb></usr/local/te
xlive/2015/texmf-dist/fonts/type1/public/cm-super/sfbx1095.pfb></usr/local/texl
ive/2015/texmf-dist/fonts/type1/public/cm-super/sfrm0800.pfb></usr/local/texliv
e/2015/texmf-dist/fonts/type1/public/cm-super/sfrm1095.pfb></usr/local/texlive/
2015/texmf-dist/fonts/type1/public/cm-super/sfsx1095.pfb></usr/local/texlive/20
15/texmf-dist/fonts/type1/public/cm-super/sfsx1200.pfb></usr/local/texlive/2015
/texmf-dist/fonts/type1/public/cm-super/sfsx1440.pfb></usr/local/texlive/2015/t
exmf-dist/fonts/type1/public/cm-super/sfti1095.pfb>
Output written on Inhalt.pdf (37 pages, 1497843 bytes).
PDF statistics:
 646 PDF objects out of 1000 (max. 8388607)
 493 compressed objects within 5 object streams
 117 named destinations out of 1000 (max. 500000)
 585 words of extra memory for PDF output out of 10000 (max. 10000000)

