\BOOKMARK [1][-]{section.1}{Introduction}{}% 1
\BOOKMARK [2][-]{subsection.1.1}{Motivation}{section.1}% 2
\BOOKMARK [2][-]{subsection.1.2}{Approach}{section.1}% 3
\BOOKMARK [1][-]{section.2}{Background information}{}% 4
\BOOKMARK [2][-]{subsection.2.1}{CMS detector and data}{section.2}% 5
\BOOKMARK [2][-]{subsection.2.2}{Proton-Proton-collision and tt}{section.2}% 6
\BOOKMARK [1][-]{section.3}{Challenge in categorisation}{}% 7
\BOOKMARK [1][-]{section.4}{Analysis process}{}% 8
\BOOKMARK [2][-]{subsection.4.1}{Input parameters}{section.4}% 9
\BOOKMARK [2][-]{subsection.4.2}{Analysis of variables}{section.4}% 10
\BOOKMARK [1][-]{section.5}{MVA}{}% 11
\BOOKMARK [2][-]{subsection.5.1}{BDT - Boosted Decision Trees}{section.5}% 12
\BOOKMARK [2][-]{subsection.5.2}{MLP - Multilayer Perceptron}{section.5}% 13
\BOOKMARK [2][-]{subsection.5.3}{Training of MVA}{section.5}% 14
\BOOKMARK [2][-]{subsection.5.4}{Results}{section.5}% 15
\BOOKMARK [1][-]{section.6}{Conclusion}{}% 16
\BOOKMARK [1][-]{appendix.A}{Appendix}{}% 17
\BOOKMARK [2][-]{subsection.A.1}{Full list of variables with almost identical distributions}{appendix.A}% 18
\BOOKMARK [2][-]{subsection.A.2}{Configuration options for MVA method: BDT}{appendix.A}% 19
\BOOKMARK [2][-]{subsection.A.3}{Configuration options for MVA method: MLP}{appendix.A}% 20
\BOOKMARK [1][-]{appendix.B}{References}{}% 21
\BOOKMARK [1][-]{appendix.C}{List of Figures}{}% 22
\BOOKMARK [1][-]{appendix.D}{List of Tables}{}% 23
